Arguments: 
  /usr/local/bin/node /usr/local/bin/yarn add superagent

PATH: 
  /usr/local/bin:/usr/bin:/bin:/usr/sbin:/sbin

Yarn version: 
  1.6.0

Node version: 
  8.11.1

Platform: 
  darwin x64

Trace: 
  Error: https://registry.yarnpkg.com/superagent: ETIMEDOUT
      at Timeout._onTimeout (/usr/local/lib/node_modules/yarn/lib/cli.js:133819:19)
      at ontimeout (timers.js:482:11)
      at tryOnTimeout (timers.js:317:5)
      at Timer.listOnTimeout (timers.js:277:5)

npm manifest: 
  {
    "name": "vue-cli-creator-preset",
    "version": "1.0.0",
    "description": "",
    "main": "index.js",
    "scripts": {
      "test": "echo \"Error: no test specified\" && exit 1"
    },
    "repository": {
      "type": "git",
      "url": "git+https://github.com/TaroXin/vue-cli-creator-preset.git"
    },
    "author": "TaroXin",
    "license": "ISC",
    "bugs": {
      "url": "https://github.com/TaroXin/vue-cli-creator-preset/issues"
    },
    "homepage": "https://github.com/TaroXin/vue-cli-creator-preset#readme"
  }

yarn manifest: 
  No manifest

Lockfile: 
  No lockfile
